[debug] [2021-07-13T07:47:43.938Z] ----------------------------------------------------------------------
[debug] [2021-07-13T07:47:43.944Z] Command:       C:\Program Files (x86)\nodejs\node.exe C:\Users\Asmaa\AppData\Roaming\npm\node_modules\firebase-tools\lib\bin\firebase.js init
[debug] [2021-07-13T07:47:43.944Z] CLI Version:   9.16.0
[debug] [2021-07-13T07:47:43.945Z] Platform:      win32
[debug] [2021-07-13T07:47:43.945Z] Node Version:  v14.17.0
[debug] [2021-07-13T07:47:43.966Z] Time:          Tue Jul 13 2021 10:47:43 GMT+0300 (Eastern European Summer Time)
[debug] [2021-07-13T07:47:43.967Z] ----------------------------------------------------------------------
[debug] 
[debug] [2021-07-13T07:47:44.030Z] > command requires scopes: ["email","openid","https://www.googleapis.com/auth/cloudplatformprojects.readonly","https://www.googleapis.com/auth/firebase","https://www.googleapis.com/auth/cloud-platform"]
[debug] [2021-07-13T07:47:44.031Z] > authorizing via signed-in user (asmaakarkar96@gmail.com)
[info] 
     ######## #### ########  ######## ########     ###     ######  ########
     ##        ##  ##     ## ##       ##     ##  ##   ##  ##       ##
     ######    ##  ########  ######   ########  #########  ######  ######
     ##        ##  ##    ##  ##       ##     ## ##     ##       ## ##
     ##       #### ##     ## ######## ########  ##     ##  ######  ########

You're about to initialize a Firebase project in this directory:

  C:\Users\Asmaa\Desktop\React\fooddeliveryfrontend

[info] 
=== Project Setup
[info] 
[info] First, let's associate this project directory with a Firebase project.
[info] You can create multiple project aliases by running firebase use --add, 
[info] but for now we'll just set up a default project.
[info] 
[debug] [2021-07-13T07:49:15.770Z] >>> [apiv2][query] GET https://firebase.googleapis.com/v1beta1/projects pageSize=100
[debug] [2021-07-13T07:49:16.396Z] <<< [apiv2][status] GET https://firebase.googleapis.com/v1beta1/projects 200
[debug] [2021-07-13T07:49:16.396Z] <<< [apiv2][body] GET https://firebase.googleapis.com/v1beta1/projects [omitted]
[info] i  Using project flipfood-61a5d (FlipFood) 
[info] 
=== Hosting Setup
[info] 
[info] Your public directory is the folder (relative to your project directory) that
[info] will contain Hosting assets to be uploaded with firebase deploy. If you
[info] have a build process for your assets, use your build's output directory.
[info] 
[info] +  Wrote n/404.html 
[debug] [2021-07-13T08:01:12.768Z] >>> [apiv2][query] GET https://www.gstatic.com/firebasejs/releases.json [none]
[debug] [2021-07-13T08:01:13.380Z] <<< [apiv2][status] GET https://www.gstatic.com/firebasejs/releases.json 200
[debug] [2021-07-13T08:01:13.383Z] <<< [apiv2][body] GET https://www.gstatic.com/firebasejs/releases.json {"current":{"version":"8.7.1","browserURL":"https://www.gstatic.com/firebasejs/8.7.1/firebase.js","packageURL":"https://www.gstatic.com/firebasejs/8.7.1/firebase.tgz"},"live":{"version":"8.7","browserURL":"https://www.gstatic.com/firebasejs/live/8.7/firebase.js","packageURL":"https://www.gstatic.com/firebasejs/live/8.7/firebase.tgz"},"components":{"analytics":"https://www.gstatic.com/firebasejs/8.7.1/firebase-analytics.js","app":"https://www.gstatic.com/firebasejs/8.7.1/firebase-app.js","app-check":"https://www.gstatic.com/firebasejs/8.7.1/firebase-app-check.js","auth":"https://www.gstatic.com/firebasejs/8.7.1/firebase-auth.js","database":"https://www.gstatic.com/firebasejs/8.7.1/firebase-database.js","firestore":"https://www.gstatic.com/firebasejs/8.7.1/firebase-firestore.js","functions":"https://www.gstatic.com/firebasejs/8.7.1/firebase-functions.js","installations":"https://www.gstatic.com/firebasejs/8.7.1/firebase-installations.js","messaging":"https://www.gstatic.com/firebasejs/8.7.1/firebase-messaging.js","storage":"https://www.gstatic.com/firebasejs/8.7.1/firebase-storage.js","performance":"https://www.gstatic.com/firebasejs/8.7.1/firebase-performance.js","remote-config":"https://www.gstatic.com/firebasejs/8.7.1/firebase-remote-config.js","firestore.memory":"https://www.gstatic.com/firebasejs/8.7.1/firebase-firestore.memory.js"}}
[info] +  Wrote n/index.html 
[info] 
[info] i  Detected a .git folder at C:\Users\Asmaa\Desktop\React\fooddeliveryfrontend 
[info] i  Authorizing with GitHub to upload your service account to a GitHub repository's secrets store. 
[info] 
[info] Visit this URL on this device to log in:
[info] https://github.com/login/oauth/authorize?client_id=89cf50f02ac6aaed3484&state=984358212&redirect_uri=http%3A%2F%2Flocalhost%3A9005&scope=read%3Auser%20repo%20public_repo
[info] 
[info] Waiting for authentication...
[debug] [2021-07-13T08:01:15.228Z] >>> HTTP REQUEST POST https://github.com/login/oauth/access_token  
 {"client_id":"89cf50f02ac6aaed3484","client_secret":"3330d14abc895d9a74d5f17cd7a00711fa2c5bf0","code":"e90ba6d814ef152f56f4","redirect_uri":"http://localhost:9005","state":"984358212"}
[debug] [2021-07-13T08:01:15.846Z] <<< HTTP RESPONSE 200 {"server":"GitHub.com","date":"Tue, 13 Jul 2021 08:01:17 GMT","content-type":"application/json; charset=utf-8","transfer-encoding":"chunked","vary":"X-PJAX, Accept-Encoding, Accept, X-Requested-With","permissions-policy":"interest-cohort=()","etag":"W/\"855f0a9758dfbb4ac1efb92799bb9c17\"","cache-control":"max-age=0, private, must-revalidate","strict-transport-security":"max-age=31536000; includeSubdomains; preload","x-frame-options":"deny","x-content-type-options":"nosniff","x-xss-protection":"0","referrer-policy":"origin-when-cross-origin, strict-origin-when-cross-origin","expect-ct":"max-age=2592000, report-uri=\"https://api.github.com/_private/browser/errors\"","content-security-policy":"default-src 'none'; base-uri 'self'; block-all-mixed-content; connect-src 'self' uploads.github.com www.githubstatus.com collector.githubapp.com api.github.com github-cloud.s3.amazonaws.com github-production-repository-file-5c1aeb.s3.amazonaws.com github-production-upload-manifest-file-7fdce7.s3.amazonaws.com github-production-user-asset-6210df.s3.amazonaws.com cdn.optimizely.com logx.optimizely.com/v1/events translator.github.com wss://alive.github.com; font-src github.githubassets.com; form-action 'self' github.com gist.github.com; frame-ancestors 'none'; frame-src render.githubusercontent.com render-temp.githubusercontent.com viewscreen.githubusercontent.com; img-src 'self' data: github.githubassets.com identicons.github.com collector.githubapp.com github-cloud.s3.amazonaws.com secured-user-images.githubusercontent.com/ *.githubusercontent.com; manifest-src 'self'; media-src 'none'; script-src github.githubassets.com; style-src 'unsafe-inline' github.githubassets.com; worker-src github.com/socket-worker-3f088aa2.js gist.github.com/socket-worker-3f088aa2.js","x-github-request-id":"11F5:6FBB:841B59E:8977478:60ED484D"}
[debug] [2021-07-13T08:01:15.900Z] >>> [apiv2][query] GET https://api.github.com/user [none]
[debug] [2021-07-13T08:01:16.513Z] <<< [apiv2][status] GET https://api.github.com/user 200
[debug] [2021-07-13T08:01:16.514Z] <<< [apiv2][body] GET https://api.github.com/user {"login":"asmaakarkar","id":41687544,"node_id":"MDQ6VXNlcjQxNjg3NTQ0","avatar_url":"https://avatars.githubusercontent.com/u/41687544?v=4","gravatar_id":"","url":"https://api.github.com/users/asmaakarkar","html_url":"https://github.com/asmaakarkar","followers_url":"https://api.github.com/users/asmaakarkar/followers","following_url":"https://api.github.com/users/asmaakarkar/following{/other_user}","gists_url":"https://api.github.com/users/asmaakarkar/gists{/gist_id}","starred_url":"https://api.github.com/users/asmaakarkar/starred{/owner}{/repo}","subscriptions_url":"https://api.github.com/users/asmaakarkar/subscriptions","organizations_url":"https://api.github.com/users/asmaakarkar/orgs","repos_url":"https://api.github.com/users/asmaakarkar/repos","events_url":"https://api.github.com/users/asmaakarkar/events{/privacy}","received_events_url":"https://api.github.com/users/asmaakarkar/received_events","type":"User","site_admin":false,"name":"Asmaa_Karkar","company":null,"blog":"","location":"Syria-Damascus","email":null,"hireable":null,"bio":"If you can imagine it, you can invent it","twitter_username":null,"public_repos":7,"public_gists":0,"followers":3,"following":4,"created_at":"2018-07-25T12:48:08Z","updated_at":"2021-07-12T09:21:19Z","private_gists":0,"total_private_repos":0,"owned_private_repos":0,"disk_usage":1422,"collaborators":0,"two_factor_authentication":false,"plan":{"name":"free","space":976562499,"collaborators":0,"private_repos":10000}}
[info] 
[info] +  Success! Logged into GitHub as asmaakarkar 
[info] 
[debug] [2021-07-13T08:02:54.043Z] >>> [apiv2][query] GET https://api.github.com/repos/npm install -g firebase-tools/actions/secrets/public-key type=owner
[debug] [2021-07-13T08:02:54.763Z] <<< [apiv2][status] GET https://api.github.com/repos/npm install -g firebase-tools/actions/secrets/public-key 404
[debug] [2021-07-13T08:02:54.763Z] <<< [apiv2][body] GET https://api.github.com/repos/npm install -g firebase-tools/actions/secrets/public-key {"message":"Not Found","documentation_url":"https://docs.github.com/rest"}
[debug] [2021-07-13T08:03:11.482Z] >>> [apiv2][query] GET https://api.github.com/repos/ranahu/fooddeliveryfrontend/actions/secrets/public-key type=owner
[debug] [2021-07-13T08:03:12.015Z] <<< [apiv2][status] GET https://api.github.com/repos/ranahu/fooddeliveryfrontend/actions/secrets/public-key 404
[debug] [2021-07-13T08:03:12.016Z] <<< [apiv2][body] GET https://api.github.com/repos/ranahu/fooddeliveryfrontend/actions/secrets/public-key {"message":"Not Found","documentation_url":"https://docs.github.com/rest/reference/actions#get-a-repository-public-key"}
